Thu Apr 17 17:26:42 2025       
+-----------------------------------------------------------------------------------------+
| NVIDIA-SMI 560.35.03              Driver Version: 560.35.03      CUDA Version: 12.6     |
|-----------------------------------------+------------------------+----------------------+
| GPU  Name                 Persistence-M | Bus-Id          Disp.A | Volatile Uncorr. ECC |
| Fan  Temp   Perf          Pwr:Usage/Cap |           Memory-Usage | GPU-Util  Compute M. |
|                                         |                        |               MIG M. |
|=========================================+========================+======================|
|   0  NVIDIA L40S                    On  |   00000000:E4:00.0 Off |                    0 |
| N/A   31C    P8             33W /  350W |       1MiB /  46068MiB |      0%      Default |
|                                         |                        |                  N/A |
+-----------------------------------------+------------------------+----------------------+
                                                                                         
+-----------------------------------------------------------------------------------------+
| Processes:                                                                              |
|  GPU   GI   CI        PID   Type   Process name                              GPU Memory |
|        ID   ID                                                               Usage      |
|=========================================================================================|
|  No running processes found                                                             |
+-----------------------------------------------------------------------------------------+
2025-04-17 17:26:43.191928: W tensorflow/stream_executor/platform/default/dso_loader.cc:60] Could not load dynamic library 'libcudart.so.11.0'; dlerror: libcudart.so.11.0: cannot open shared object file: No such file or directory
2025-04-17 17:26:43.191954: I tensorflow/stream_executor/cuda/cudart_stub.cc:29] Ignore above cudart dlerror if you do not have a GPU set up on your machine.
Created symlink: /home/zmou1/scratchenalisn1/ziyao/anaconda3/envs/dreamerv2-cal/lib/python3.8/site-packages/tensorflow/libcusolver.so.10 -> /usr/local/cuda/targets/x86_64-linux/lib/libcusolver.so.11
total 4137188
drwxr-xr-x 6 root root        81 Sep 23  2024 cmake
lrwxrwxrwx 1 root root        19 Sep 23  2024 libaccinj64.so -> libaccinj64.so.12.3
lrwxrwxrwx 1 root root        23 Sep 23  2024 libaccinj64.so.12.3 -> libaccinj64.so.12.3.101
-rwxr-xr-x 1 root root   2412184 Oct 31  2023 libaccinj64.so.12.3.101
-rwxr-xr-x 1 root root   1493144 Oct 31  2023 libcheckpoint.so
lrwxrwxrwx 1 root root        17 Sep 23  2024 libcublasLt.so -> libcublasLt.so.12
lrwxrwxrwx 1 root root        25 Sep 23  2024 libcublasLt.so.12 -> ./libcublasLt.so.12.3.4.1
-rwxr-xr-x 1 root root 518358624 Oct 31  2023 libcublasLt.so.12.3.4.1
-rw-r--r-- 1 root root 781766258 Oct 31  2023 libcublasLt_static.a
lrwxrwxrwx 1 root root        15 Sep 23  2024 libcublas.so -> libcublas.so.12
lrwxrwxrwx 1 root root        23 Sep 23  2024 libcublas.so.12 -> ./libcublas.so.12.3.4.1
-rwxr-xr-x 1 root root 106679344 Oct 31  2023 libcublas.so.12.3.4.1
-rw-r--r-- 1 root root 168603496 Oct 31  2023 libcublas_static.a
-rw-r--r-- 1 root root   1647010 Oct 31  2023 libcudadevrt.a
lrwxrwxrwx 1 root root        15 Sep 23  2024 libcudart.so -> libcudart.so.12
lrwxrwxrwx 1 root root        21 Sep 23  2024 libcudart.so.12 -> libcudart.so.12.3.101
-rwxr-xr-x 1 root root    703808 Oct 31  2023 libcudart.so.12.3.101
-rw-r--r-- 1 root root   1417724 Oct 31  2023 libcudart_static.a
lrwxrwxrwx 1 root root        14 Sep 23  2024 libcufft.so -> libcufft.so.11
lrwxrwxrwx 1 root root        21 Sep 23  2024 libcufft.so.11 -> libcufft.so.11.0.12.1
-rwxr-xr-x 1 root root 177827520 Oct 31  2023 libcufft.so.11.0.12.1
-rw-r--r-- 1 root root 199432168 Oct 31  2023 libcufft_static.a
-rw-r--r-- 1 root root 199334148 Oct 31  2023 libcufft_static_nocallback.a
lrwxrwxrwx 1 root root        15 Sep 23  2024 libcufftw.so -> libcufftw.so.11
lrwxrwxrwx 1 root root        22 Sep 23  2024 libcufftw.so.11 -> libcufftw.so.11.0.12.1
-rwxr-xr-x 1 root root    966600 Oct 31  2023 libcufftw.so.11.0.12.1
-rw-r--r-- 1 root root     79566 Oct 31  2023 libcufftw_static.a
lrwxrwxrwx 1 root root        19 Sep 23  2024 libcufile_rdma.so -> libcufile_rdma.so.1
lrwxrwxrwx 1 root root        23 Sep 23  2024 libcufile_rdma.so.1 -> libcufile_rdma.so.1.8.1
-rwxr-xr-x 1 root root     43320 Oct 25  2023 libcufile_rdma.so.1.8.1
-rwxr-xr-x 1 root root     65206 Oct 25  2023 libcufile_rdma_static.a
lrwxrwxrwx 1 root root        14 Sep 23  2024 libcufile.so -> libcufile.so.0
lrwxrwxrwx 1 root root        18 Sep 23  2024 libcufile.so.0 -> libcufile.so.1.8.1
-rwxr-xr-x 1 root root   2993680 Oct 25  2023 libcufile.so.1.8.1
-rwxr-xr-x 1 root root  24282190 Oct 25  2023 libcufile_static.a
-rw-r--r-- 1 root root    948952 Oct 31  2023 libcufilt.a
lrwxrwxrwx 1 root root        18 Sep 23  2024 libcuinj64.so -> libcuinj64.so.12.3
lrwxrwxrwx 1 root root        22 Sep 23  2024 libcuinj64.so.12.3 -> libcuinj64.so.12.3.101
-rwxr-xr-x 1 root root   2832640 Oct 31  2023 libcuinj64.so.12.3.101
-rw-r--r-- 1 root root     30922 Oct 31  2023 libculibos.a
lrwxrwxrwx 1 root root        14 Sep 23  2024 libcupti.so -> libcupti.so.12
lrwxrwxrwx 1 root root        20 Sep 23  2024 libcupti.so.12 -> libcupti.so.2023.3.1
-rwxr-xr-x 1 root root   7683440 Oct 31  2023 libcupti.so.2023.3.1
-rw-r--r-- 1 root root  19214978 Oct 31  2023 libcupti_static.a
lrwxrwxrwx 1 root root        15 Sep 23  2024 libcurand.so -> libcurand.so.10
lrwxrwxrwx 1 root root        23 Sep 23  2024 libcurand.so.10 -> libcurand.so.10.3.4.107
-rwxr-xr-x 1 root root  96259504 Nov 22  2023 libcurand.so.10.3.4.107
-rw-r--r-- 1 root root  96328614 Nov 22  2023 libcurand_static.a
-rw-r--r-- 1 root root  16788330 Oct 31  2023 libcusolver_lapack_static.a
-rw-r--r-- 1 root root   1005514 Oct 31  2023 libcusolver_metis_static.a
lrwxrwxrwx 1 root root        19 Sep 23  2024 libcusolverMg.so -> libcusolverMg.so.11
lrwxrwxrwx 1 root root        27 Sep 23  2024 libcusolverMg.so.11 -> libcusolverMg.so.11.5.4.101
-rwxr-xr-x 1 root root  83040368 Oct 31  2023 libcusolverMg.so.11.5.4.101
lrwxrwxrwx 1 root root        17 Sep 23  2024 libcusolver.so -> libcusolver.so.11
lrwxrwxrwx 1 root root        25 Sep 23  2024 libcusolver.so.11 -> libcusolver.so.11.5.4.101
-rwxr-xr-x 1 root root 115640600 Oct 31  2023 libcusolver.so.11.5.4.101
-rw-r--r-- 1 root root 133576956 Oct 31  2023 libcusolver_static.a
lrwxrwxrwx 1 root root        17 Sep 23  2024 libcusparse.so -> libcusparse.so.12
lrwxrwxrwx 1 root root        25 Sep 23  2024 libcusparse.so.12 -> libcusparse.so.12.2.0.103
-rwxr-xr-x 1 root root 267184960 Oct 31  2023 libcusparse.so.12.2.0.103
-rw-r--r-- 1 root root 299914796 Oct 31  2023 libcusparse_static.a
-rw-r--r-- 1 root root   1005514 Oct 31  2023 libmetis_static.a
lrwxrwxrwx 1 root root        13 Sep 23  2024 libnppc.so -> libnppc.so.12
lrwxrwxrwx 1 root root        19 Sep 23  2024 libnppc.so.12 -> libnppc.so.12.2.3.2
-rwxr-xr-x 1 root root   1642992 Oct 31  2023 libnppc.so.12.2.3.2
-rw-r--r-- 1 root root     30686 Oct 31  2023 libnppc_static.a
lrwxrwxrwx 1 root root        15 Sep 23  2024 libnppial.so -> libnppial.so.12
lrwxrwxrwx 1 root root        21 Sep 23  2024 libnppial.so.12 -> libnppial.so.12.2.3.2
-rwxr-xr-x 1 root root  17568560 Oct 31  2023 libnppial.so.12.2.3.2
-rw-r--r-- 1 root root  19071940 Oct 31  2023 libnppial_static.a
lrwxrwxrwx 1 root root        15 Sep 23  2024 libnppicc.so -> libnppicc.so.12
lrwxrwxrwx 1 root root        21 Sep 23  2024 libnppicc.so.12 -> libnppicc.so.12.2.3.2
-rwxr-xr-x 1 root root   7500616 Oct 31  2023 libnppicc.so.12.2.3.2
-rw-r--r-- 1 root root   7041694 Oct 31  2023 libnppicc_static.a
lrwxrwxrwx 1 root root        16 Sep 23  2024 libnppidei.so -> libnppidei.so.12
lrwxrwxrwx 1 root root        22 Sep 23  2024 libnppidei.so.12 -> libnppidei.so.12.2.3.2
-rwxr-xr-x 1 root root  11134104 Oct 31  2023 libnppidei.so.12.2.3.2
-rw-r--r-- 1 root root  11875304 Oct 31  2023 libnppidei_static.a
lrwxrwxrwx 1 root root        14 Sep 23  2024 libnppif.so -> libnppif.so.12
lrwxrwxrwx 1 root root        20 Sep 23  2024 libnppif.so.12 -> libnppif.so.12.2.3.2
-rwxr-xr-x 1 root root 101066824 Oct 31  2023 libnppif.so.12.2.3.2
-rw-r--r-- 1 root root 103942380 Oct 31  2023 libnppif_static.a
lrwxrwxrwx 1 root root        14 Sep 23  2024 libnppig.so -> libnppig.so.12
lrwxrwxrwx 1 root root        20 Sep 23  2024 libnppig.so.12 -> libnppig.so.12.2.3.2
-rwxr-xr-x 1 root root  41137040 Oct 31  2023 libnppig.so.12.2.3.2
-rw-r--r-- 1 root root  41987560 Oct 31  2023 libnppig_static.a
lrwxrwxrwx 1 root root        14 Sep 23  2024 libnppim.so -> libnppim.so.12
lrwxrwxrwx 1 root root        20 Sep 23  2024 libnppim.so.12 -> libnppim.so.12.2.3.2
-rwxr-xr-x 1 root root  10322760 Oct 31  2023 libnppim.so.12.2.3.2
-rw-r--r-- 1 root root   9259562 Oct 31  2023 libnppim_static.a
lrwxrwxrwx 1 root root        15 Sep 23  2024 libnppist.so -> libnppist.so.12
lrwxrwxrwx 1 root root        21 Sep 23  2024 libnppist.so.12 -> libnppist.so.12.2.3.2
-rwxr-xr-x 1 root root  38171728 Oct 31  2023 libnppist.so.12.2.3.2
-rw-r--r-- 1 root root  39228112 Oct 31  2023 libnppist_static.a
lrwxrwxrwx 1 root root        15 Sep 23  2024 libnppisu.so -> libnppisu.so.12
lrwxrwxrwx 1 root root        21 Sep 23  2024 libnppisu.so.12 -> libnppisu.so.12.2.3.2
-rwxr-xr-x 1 root root    716168 Oct 31  2023 libnppisu.so.12.2.3.2
-rw-r--r-- 1 root root     11266 Oct 31  2023 libnppisu_static.a
lrwxrwxrwx 1 root root        15 Sep 23  2024 libnppitc.so -> libnppitc.so.12
lrwxrwxrwx 1 root root        21 Sep 23  2024 libnppitc.so.12 -> libnppitc.so.12.2.3.2
-rwxr-xr-x 1 root root   5530224 Oct 31  2023 libnppitc.so.12.2.3.2
-rw-r--r-- 1 root root   4503836 Oct 31  2023 libnppitc_static.a
lrwxrwxrwx 1 root root        13 Sep 23  2024 libnpps.so -> libnpps.so.12
lrwxrwxrwx 1 root root        19 Sep 23  2024 libnpps.so.12 -> libnpps.so.12.2.3.2
-rwxr-xr-x 1 root root  18105592 Oct 31  2023 libnpps.so.12.2.3.2
-rw-r--r-- 1 root root  17960158 Oct 31  2023 libnpps_static.a
lrwxrwxrwx 1 root root        15 Sep 23  2024 libnvblas.so -> libnvblas.so.12
lrwxrwxrwx 1 root root        23 Sep 23  2024 libnvblas.so.12 -> ./libnvblas.so.12.3.4.1
-rwxr-xr-x 1 root root    728856 Oct 31  2023 libnvblas.so.12.3.4.1
lrwxrwxrwx 1 root root        18 Sep 23  2024 libnvJitLink.so -> libnvJitLink.so.12
lrwxrwxrwx 1 root root        24 Sep 23  2024 libnvJitLink.so.12 -> libnvJitLink.so.12.3.101
-rwxr-xr-x 1 root root  52190720 Oct 31  2023 libnvJitLink.so.12.3.101
-rw-r--r-- 1 root root  63530708 Oct 31  2023 libnvJitLink_static.a
lrwxrwxrwx 1 root root        15 Sep 23  2024 libnvjpeg.so -> libnvjpeg.so.12
lrwxrwxrwx 1 root root        22 Sep 23  2024 libnvjpeg.so.12 -> libnvjpeg.so.12.3.0.81
-rwxr-xr-x 1 root root   6705968 Oct 31  2023 libnvjpeg.so.12.3.0.81
-rw-r--r-- 1 root root   6828780 Oct 31  2023 libnvjpeg_static.a
-rwxr-xr-x 1 root root  28538488 Oct 31  2023 libnvperf_host.so
-rw-r--r-- 1 root root  36274804 Oct 31  2023 libnvperf_host_static.a
-rwxr-xr-x 1 root root   6018384 Oct 31  2023 libnvperf_target.so
-rw-r--r-- 1 root root  47925582 Nov 22  2023 libnvptxcompiler_static.a
lrwxrwxrwx 1 root root        25 Sep 23  2024 libnvrtc-builtins.so -> libnvrtc-builtins.so.12.3
lrwxrwxrwx 1 root root        29 Sep 23  2024 libnvrtc-builtins.so.12.3 -> libnvrtc-builtins.so.12.3.107
-rwxr-xr-x 1 root root   6662024 Nov 22  2023 libnvrtc-builtins.so.12.3.107
-rw-r--r-- 1 root root   6681284 Nov 22  2023 libnvrtc-builtins_static.a
lrwxrwxrwx 1 root root        14 Sep 23  2024 libnvrtc.so -> libnvrtc.so.12
lrwxrwxrwx 1 root root        20 Sep 23  2024 libnvrtc.so.12 -> libnvrtc.so.12.3.107
-rwxr-xr-x 1 root root  60792048 Nov 22  2023 libnvrtc.so.12.3.107
-rw-r--r-- 1 root root  75105270 Nov 22  2023 libnvrtc_static.a
lrwxrwxrwx 1 root root        18 Sep 23  2024 libnvToolsExt.so -> libnvToolsExt.so.1
lrwxrwxrwx 1 root root        22 Sep 23  2024 libnvToolsExt.so.1 -> libnvToolsExt.so.1.0.0
-rwxr-xr-x 1 root root     40136 Oct 31  2023 libnvToolsExt.so.1.0.0
lrwxrwxrwx 1 root root        14 Sep 23  2024 libOpenCL.so -> libOpenCL.so.1
lrwxrwxrwx 1 root root        16 Sep 23  2024 libOpenCL.so.1 -> libOpenCL.so.1.0
lrwxrwxrwx 1 root root        18 Sep 23  2024 libOpenCL.so.1.0 -> libOpenCL.so.1.0.0
-rwxr-xr-x 1 root root     30856 Oct 31  2023 libOpenCL.so.1.0.0
-rwxr-xr-x 1 root root    912728 Oct 31  2023 libpcsamplingutil.so
drwxr-xr-x 2 root root      4096 Sep 23  2024 stubs
ERROR: libcudart.so.11 not found in /usr/local/cuda/targets/x86_64-linux/lib
