Thu Apr 17 17:32:28 2025       
+-----------------------------------------------------------------------------------------+
| NVIDIA-SMI 560.35.03              Driver Version: 560.35.03      CUDA Version: 12.6     |
|-----------------------------------------+------------------------+----------------------+
| GPU  Name                 Persistence-M | Bus-Id          Disp.A | Volatile Uncorr. ECC |
| Fan  Temp   Perf          Pwr:Usage/Cap |           Memory-Usage | GPU-Util  Compute M. |
|                                         |                        |               MIG M. |
|=========================================+========================+======================|
|   0  NVIDIA L40S                    On  |   00000000:E4:00.0 Off |                    0 |
| N/A   31C    P8             33W /  350W |       1MiB /  46068MiB |      0%      Default |
|                                         |                        |                  N/A |
+-----------------------------------------+------------------------+----------------------+
                                                                                         
+-----------------------------------------------------------------------------------------+
| Processes:                                                                              |
|  GPU   GI   CI        PID   Type   Process name                              GPU Memory |
|        ID   ID                                                               Usage      |
|=========================================================================================|
|  No running processes found                                                             |
+-----------------------------------------------------------------------------------------+
total 4137188
drwxr-xr-x 6 root root        81 Sep 23  2024 cmake
lrwxrwxrwx 1 root root        19 Sep 23  2024 libaccinj64.so -> libaccinj64.so.12.3
lrwxrwxrwx 1 root root        23 Sep 23  2024 libaccinj64.so.12.3 -> libaccinj64.so.12.3.101
-rwxr-xr-x 1 root root   2412184 Oct 31  2023 libaccinj64.so.12.3.101
-rwxr-xr-x 1 root root   1493144 Oct 31  2023 libcheckpoint.so
lrwxrwxrwx 1 root root        17 Sep 23  2024 libcublasLt.so -> libcublasLt.so.12
lrwxrwxrwx 1 root root        25 Sep 23  2024 libcublasLt.so.12 -> ./libcublasLt.so.12.3.4.1
-rwxr-xr-x 1 root root 518358624 Oct 31  2023 libcublasLt.so.12.3.4.1
-rw-r--r-- 1 root root 781766258 Oct 31  2023 libcublasLt_static.a
lrwxrwxrwx 1 root root        15 Sep 23  2024 libcublas.so -> libcublas.so.12
lrwxrwxrwx 1 root root        23 Sep 23  2024 libcublas.so.12 -> ./libcublas.so.12.3.4.1
-rwxr-xr-x 1 root root 106679344 Oct 31  2023 libcublas.so.12.3.4.1
-rw-r--r-- 1 root root 168603496 Oct 31  2023 libcublas_static.a
-rw-r--r-- 1 root root   1647010 Oct 31  2023 libcudadevrt.a
lrwxrwxrwx 1 root root        15 Sep 23  2024 libcudart.so -> libcudart.so.12
lrwxrwxrwx 1 root root        21 Sep 23  2024 libcudart.so.12 -> libcudart.so.12.3.101
-rwxr-xr-x 1 root root    703808 Oct 31  2023 libcudart.so.12.3.101
-rw-r--r-- 1 root root   1417724 Oct 31  2023 libcudart_static.a
lrwxrwxrwx 1 root root        14 Sep 23  2024 libcufft.so -> libcufft.so.11
lrwxrwxrwx 1 root root        21 Sep 23  2024 libcufft.so.11 -> libcufft.so.11.0.12.1
-rwxr-xr-x 1 root root 177827520 Oct 31  2023 libcufft.so.11.0.12.1
-rw-r--r-- 1 root root 199432168 Oct 31  2023 libcufft_static.a
-rw-r--r-- 1 root root 199334148 Oct 31  2023 libcufft_static_nocallback.a
lrwxrwxrwx 1 root root        15 Sep 23  2024 libcufftw.so -> libcufftw.so.11
lrwxrwxrwx 1 root root        22 Sep 23  2024 libcufftw.so.11 -> libcufftw.so.11.0.12.1
-rwxr-xr-x 1 root root    966600 Oct 31  2023 libcufftw.so.11.0.12.1
-rw-r--r-- 1 root root     79566 Oct 31  2023 libcufftw_static.a
lrwxrwxrwx 1 root root        19 Sep 23  2024 libcufile_rdma.so -> libcufile_rdma.so.1
lrwxrwxrwx 1 root root        23 Sep 23  2024 libcufile_rdma.so.1 -> libcufile_rdma.so.1.8.1
-rwxr-xr-x 1 root root     43320 Oct 25  2023 libcufile_rdma.so.1.8.1
-rwxr-xr-x 1 root root     65206 Oct 25  2023 libcufile_rdma_static.a
lrwxrwxrwx 1 root root        14 Sep 23  2024 libcufile.so -> libcufile.so.0
lrwxrwxrwx 1 root root        18 Sep 23  2024 libcufile.so.0 -> libcufile.so.1.8.1
-rwxr-xr-x 1 root root   2993680 Oct 25  2023 libcufile.so.1.8.1
-rwxr-xr-x 1 root root  24282190 Oct 25  2023 libcufile_static.a
-rw-r--r-- 1 root root    948952 Oct 31  2023 libcufilt.a
lrwxrwxrwx 1 root root        18 Sep 23  2024 libcuinj64.so -> libcuinj64.so.12.3
lrwxrwxrwx 1 root root        22 Sep 23  2024 libcuinj64.so.12.3 -> libcuinj64.so.12.3.101
-rwxr-xr-x 1 root root   2832640 Oct 31  2023 libcuinj64.so.12.3.101
-rw-r--r-- 1 root root     30922 Oct 31  2023 libculibos.a
lrwxrwxrwx 1 root root        14 Sep 23  2024 libcupti.so -> libcupti.so.12
lrwxrwxrwx 1 root root        20 Sep 23  2024 libcupti.so.12 -> libcupti.so.2023.3.1
-rwxr-xr-x 1 root root   7683440 Oct 31  2023 libcupti.so.2023.3.1
-rw-r--r-- 1 root root  19214978 Oct 31  2023 libcupti_static.a
lrwxrwxrwx 1 root root        15 Sep 23  2024 libcurand.so -> libcurand.so.10
lrwxrwxrwx 1 root root        23 Sep 23  2024 libcurand.so.10 -> libcurand.so.10.3.4.107
-rwxr-xr-x 1 root root  96259504 Nov 22  2023 libcurand.so.10.3.4.107
-rw-r--r-- 1 root root  96328614 Nov 22  2023 libcurand_static.a
-rw-r--r-- 1 root root  16788330 Oct 31  2023 libcusolver_lapack_static.a
-rw-r--r-- 1 root root   1005514 Oct 31  2023 libcusolver_metis_static.a
lrwxrwxrwx 1 root root        19 Sep 23  2024 libcusolverMg.so -> libcusolverMg.so.11
lrwxrwxrwx 1 root root        27 Sep 23  2024 libcusolverMg.so.11 -> libcusolverMg.so.11.5.4.101
-rwxr-xr-x 1 root root  83040368 Oct 31  2023 libcusolverMg.so.11.5.4.101
lrwxrwxrwx 1 root root        17 Sep 23  2024 libcusolver.so -> libcusolver.so.11
lrwxrwxrwx 1 root root        25 Sep 23  2024 libcusolver.so.11 -> libcusolver.so.11.5.4.101
-rwxr-xr-x 1 root root 115640600 Oct 31  2023 libcusolver.so.11.5.4.101
-rw-r--r-- 1 root root 133576956 Oct 31  2023 libcusolver_static.a
lrwxrwxrwx 1 root root        17 Sep 23  2024 libcusparse.so -> libcusparse.so.12
lrwxrwxrwx 1 root root        25 Sep 23  2024 libcusparse.so.12 -> libcusparse.so.12.2.0.103
-rwxr-xr-x 1 root root 267184960 Oct 31  2023 libcusparse.so.12.2.0.103
-rw-r--r-- 1 root root 299914796 Oct 31  2023 libcusparse_static.a
-rw-r--r-- 1 root root   1005514 Oct 31  2023 libmetis_static.a
lrwxrwxrwx 1 root root        13 Sep 23  2024 libnppc.so -> libnppc.so.12
lrwxrwxrwx 1 root root        19 Sep 23  2024 libnppc.so.12 -> libnppc.so.12.2.3.2
-rwxr-xr-x 1 root root   1642992 Oct 31  2023 libnppc.so.12.2.3.2
-rw-r--r-- 1 root root     30686 Oct 31  2023 libnppc_static.a
lrwxrwxrwx 1 root root        15 Sep 23  2024 libnppial.so -> libnppial.so.12
lrwxrwxrwx 1 root root        21 Sep 23  2024 libnppial.so.12 -> libnppial.so.12.2.3.2
-rwxr-xr-x 1 root root  17568560 Oct 31  2023 libnppial.so.12.2.3.2
-rw-r--r-- 1 root root  19071940 Oct 31  2023 libnppial_static.a
lrwxrwxrwx 1 root root        15 Sep 23  2024 libnppicc.so -> libnppicc.so.12
lrwxrwxrwx 1 root root        21 Sep 23  2024 libnppicc.so.12 -> libnppicc.so.12.2.3.2
-rwxr-xr-x 1 root root   7500616 Oct 31  2023 libnppicc.so.12.2.3.2
-rw-r--r-- 1 root root   7041694 Oct 31  2023 libnppicc_static.a
lrwxrwxrwx 1 root root        16 Sep 23  2024 libnppidei.so -> libnppidei.so.12
lrwxrwxrwx 1 root root        22 Sep 23  2024 libnppidei.so.12 -> libnppidei.so.12.2.3.2
-rwxr-xr-x 1 root root  11134104 Oct 31  2023 libnppidei.so.12.2.3.2
-rw-r--r-- 1 root root  11875304 Oct 31  2023 libnppidei_static.a
lrwxrwxrwx 1 root root        14 Sep 23  2024 libnppif.so -> libnppif.so.12
lrwxrwxrwx 1 root root        20 Sep 23  2024 libnppif.so.12 -> libnppif.so.12.2.3.2
-rwxr-xr-x 1 root root 101066824 Oct 31  2023 libnppif.so.12.2.3.2
-rw-r--r-- 1 root root 103942380 Oct 31  2023 libnppif_static.a
lrwxrwxrwx 1 root root        14 Sep 23  2024 libnppig.so -> libnppig.so.12
lrwxrwxrwx 1 root root        20 Sep 23  2024 libnppig.so.12 -> libnppig.so.12.2.3.2
-rwxr-xr-x 1 root root  41137040 Oct 31  2023 libnppig.so.12.2.3.2
-rw-r--r-- 1 root root  41987560 Oct 31  2023 libnppig_static.a
lrwxrwxrwx 1 root root        14 Sep 23  2024 libnppim.so -> libnppim.so.12
lrwxrwxrwx 1 root root        20 Sep 23  2024 libnppim.so.12 -> libnppim.so.12.2.3.2
-rwxr-xr-x 1 root root  10322760 Oct 31  2023 libnppim.so.12.2.3.2
-rw-r--r-- 1 root root   9259562 Oct 31  2023 libnppim_static.a
lrwxrwxrwx 1 root root        15 Sep 23  2024 libnppist.so -> libnppist.so.12
lrwxrwxrwx 1 root root        21 Sep 23  2024 libnppist.so.12 -> libnppist.so.12.2.3.2
-rwxr-xr-x 1 root root  38171728 Oct 31  2023 libnppist.so.12.2.3.2
-rw-r--r-- 1 root root  39228112 Oct 31  2023 libnppist_static.a
lrwxrwxrwx 1 root root        15 Sep 23  2024 libnppisu.so -> libnppisu.so.12
lrwxrwxrwx 1 root root        21 Sep 23  2024 libnppisu.so.12 -> libnppisu.so.12.2.3.2
-rwxr-xr-x 1 root root    716168 Oct 31  2023 libnppisu.so.12.2.3.2
-rw-r--r-- 1 root root     11266 Oct 31  2023 libnppisu_static.a
lrwxrwxrwx 1 root root        15 Sep 23  2024 libnppitc.so -> libnppitc.so.12
lrwxrwxrwx 1 root root        21 Sep 23  2024 libnppitc.so.12 -> libnppitc.so.12.2.3.2
-rwxr-xr-x 1 root root   5530224 Oct 31  2023 libnppitc.so.12.2.3.2
-rw-r--r-- 1 root root   4503836 Oct 31  2023 libnppitc_static.a
lrwxrwxrwx 1 root root        13 Sep 23  2024 libnpps.so -> libnpps.so.12
lrwxrwxrwx 1 root root        19 Sep 23  2024 libnpps.so.12 -> libnpps.so.12.2.3.2
-rwxr-xr-x 1 root root  18105592 Oct 31  2023 libnpps.so.12.2.3.2
-rw-r--r-- 1 root root  17960158 Oct 31  2023 libnpps_static.a
lrwxrwxrwx 1 root root        15 Sep 23  2024 libnvblas.so -> libnvblas.so.12
lrwxrwxrwx 1 root root        23 Sep 23  2024 libnvblas.so.12 -> ./libnvblas.so.12.3.4.1
-rwxr-xr-x 1 root root    728856 Oct 31  2023 libnvblas.so.12.3.4.1
lrwxrwxrwx 1 root root        18 Sep 23  2024 libnvJitLink.so -> libnvJitLink.so.12
lrwxrwxrwx 1 root root        24 Sep 23  2024 libnvJitLink.so.12 -> libnvJitLink.so.12.3.101
-rwxr-xr-x 1 root root  52190720 Oct 31  2023 libnvJitLink.so.12.3.101
-rw-r--r-- 1 root root  63530708 Oct 31  2023 libnvJitLink_static.a
lrwxrwxrwx 1 root root        15 Sep 23  2024 libnvjpeg.so -> libnvjpeg.so.12
lrwxrwxrwx 1 root root        22 Sep 23  2024 libnvjpeg.so.12 -> libnvjpeg.so.12.3.0.81
-rwxr-xr-x 1 root root   6705968 Oct 31  2023 libnvjpeg.so.12.3.0.81
-rw-r--r-- 1 root root   6828780 Oct 31  2023 libnvjpeg_static.a
-rwxr-xr-x 1 root root  28538488 Oct 31  2023 libnvperf_host.so
-rw-r--r-- 1 root root  36274804 Oct 31  2023 libnvperf_host_static.a
-rwxr-xr-x 1 root root   6018384 Oct 31  2023 libnvperf_target.so
-rw-r--r-- 1 root root  47925582 Nov 22  2023 libnvptxcompiler_static.a
lrwxrwxrwx 1 root root        25 Sep 23  2024 libnvrtc-builtins.so -> libnvrtc-builtins.so.12.3
lrwxrwxrwx 1 root root        29 Sep 23  2024 libnvrtc-builtins.so.12.3 -> libnvrtc-builtins.so.12.3.107
-rwxr-xr-x 1 root root   6662024 Nov 22  2023 libnvrtc-builtins.so.12.3.107
-rw-r--r-- 1 root root   6681284 Nov 22  2023 libnvrtc-builtins_static.a
lrwxrwxrwx 1 root root        14 Sep 23  2024 libnvrtc.so -> libnvrtc.so.12
lrwxrwxrwx 1 root root        20 Sep 23  2024 libnvrtc.so.12 -> libnvrtc.so.12.3.107
-rwxr-xr-x 1 root root  60792048 Nov 22  2023 libnvrtc.so.12.3.107
-rw-r--r-- 1 root root  75105270 Nov 22  2023 libnvrtc_static.a
lrwxrwxrwx 1 root root        18 Sep 23  2024 libnvToolsExt.so -> libnvToolsExt.so.1
lrwxrwxrwx 1 root root        22 Sep 23  2024 libnvToolsExt.so.1 -> libnvToolsExt.so.1.0.0
-rwxr-xr-x 1 root root     40136 Oct 31  2023 libnvToolsExt.so.1.0.0
lrwxrwxrwx 1 root root        14 Sep 23  2024 libOpenCL.so -> libOpenCL.so.1
lrwxrwxrwx 1 root root        16 Sep 23  2024 libOpenCL.so.1 -> libOpenCL.so.1.0
lrwxrwxrwx 1 root root        18 Sep 23  2024 libOpenCL.so.1.0 -> libOpenCL.so.1.0.0
-rwxr-xr-x 1 root root     30856 Oct 31  2023 libOpenCL.so.1.0.0
-rwxr-xr-x 1 root root    912728 Oct 31  2023 libpcsamplingutil.so
drwxr-xr-x 2 root root      4096 Sep 23  2024 stubs

Config:
logdir:                     /home/zmou1/logdir/atari_pong/dreamerv2/1  (str)
seed:                       0                                          (int)
task:                       atari_pong                                 (str)
envs:                       1                                          (int)
envs_parallel:              none                                       (str)
render_size:                [64, 64]                                   (ints)
dmc_camera:                 -1                                         (int)
atari_grayscale:            True                                       (bool)
time_limit:                 27000                                      (int)
action_repeat:              4                                          (int)
steps:                      50000000.0                                 (float)
log_every:                  10000.0                                    (float)
eval_every:                 250000.0                                   (float)
eval_eps:                   1                                          (int)
prefill:                    50000                                      (int)
pretrain:                   1                                          (int)
train_every:                16                                         (int)
train_steps:                1                                          (int)
expl_until:                 0                                          (int)
replay.capacity:            2000000.0                                  (float)
replay.ongoing:             False                                      (bool)
replay.minlen:              50                                         (int)
replay.maxlen:              50                                         (int)
replay.prioritize_ends:     True                                       (bool)
dataset.batch:              16                                         (int)
dataset.length:             50                                         (int)
log_keys_video:             [image]                                    (strs)
log_keys_sum:               ^$                                         (str)
log_keys_mean:              ^$                                         (str)
log_keys_max:               ^$                                         (str)
precision:                  16                                         (int)
jit:                        True                                       (bool)
clip_rewards:               tanh                                       (str)
expl_behavior:              greedy                                     (str)
expl_noise:                 0.0                                        (float)
eval_noise:                 0.0                                        (float)
eval_state_mean:            False                                      (bool)
grad_heads:                 [decoder, reward, discount]                (strs)
pred_discount:              True                                       (bool)
rssm.ensemble:              1                                          (int)
rssm.hidden:                600                                        (int)
rssm.deter:                 600                                        (int)
rssm.stoch:                 32                                         (int)
rssm.discrete:              32                                         (int)
rssm.act:                   elu                                        (str)
rssm.norm:                  none                                       (str)
rssm.std_act:               sigmoid2                                   (str)
rssm.min_std:               0.1                                        (float)
encoder.mlp_keys:           $^                                         (str)
encoder.cnn_keys:           image                                      (str)
encoder.act:                elu                                        (str)
encoder.norm:               none                                       (str)
encoder.cnn_depth:          48                                         (int)
encoder.cnn_kernels:        [4, 4, 4, 4]                               (ints)
encoder.mlp_layers:         [400, 400, 400, 400]                       (ints)
decoder.mlp_keys:           $^                                         (str)
decoder.cnn_keys:           image                                      (str)
decoder.act:                elu                                        (str)
decoder.norm:               none                                       (str)
decoder.cnn_depth:          48                                         (int)
decoder.cnn_kernels:        [5, 5, 6, 6]                               (ints)
decoder.mlp_layers:         [400, 400, 400, 400]                       (ints)
reward_head.layers:         4                                          (int)
reward_head.units:          400                                        (int)
reward_head.act:            elu                                        (str)
reward_head.norm:           none                                       (str)
reward_head.dist:           mse                                        (str)
discount_head.layers:       4                                          (int)
discount_head.units:        400                                        (int)
discount_head.act:          elu                                        (str)
discount_head.norm:         none                                       (str)
discount_head.dist:         binary                                     (str)
loss_scales.kl:             0.1                                        (float)
loss_scales.reward:         1.0                                        (float)
loss_scales.discount:       5.0                                        (float)
loss_scales.proprio:        1.0                                        (float)
kl.free:                    0.0                                        (float)
kl.forward:                 False                                      (bool)
kl.balance:                 0.8                                        (float)
kl.free_avg:                True                                       (bool)
model_opt.opt:              adam                                       (str)
model_opt.lr:               0.0002                                     (float)
model_opt.eps:              1e-05                                      (float)
model_opt.clip:             100                                        (int)
model_opt.wd:               1e-06                                      (float)
actor.layers:               4                                          (int)
actor.units:                400                                        (int)
actor.act:                  elu                                        (str)
actor.norm:                 none                                       (str)
actor.dist:                 auto                                       (str)
actor.min_std:              0.1                                        (float)
critic.layers:              4                                          (int)
critic.units:               400                                        (int)
critic.act:                 elu                                        (str)
critic.norm:                none                                       (str)
critic.dist:                mse                                        (str)
actor_opt.opt:              adam                                       (str)
actor_opt.lr:               4e-05                                      (float)
actor_opt.eps:              1e-05                                      (float)
actor_opt.clip:             100                                        (int)
actor_opt.wd:               1e-06                                      (float)
critic_opt.opt:             adam                                       (str)
critic_opt.lr:              0.0001                                     (float)
critic_opt.eps:             1e-05                                      (float)
critic_opt.clip:            100                                        (int)
critic_opt.wd:              1e-06                                      (float)
discount:                   0.999                                      (float)
discount_lambda:            0.95                                       (float)
imag_horizon:               15                                         (int)
actor_grad:                 auto                                       (str)
actor_grad_mix:             0.1                                        (float)
actor_ent:                  0.001                                      (float)
slow_target:                True                                       (bool)
slow_target_update:         100                                        (int)
slow_target_fraction:       1                                          (int)
slow_baseline:              True                                       (bool)
reward_norm.momentum:       1.0                                        (float)
reward_norm.scale:          1.0                                        (float)
reward_norm.eps:            1e-08                                      (float)
expl_intr_scale:            1.0                                        (float)
expl_extr_scale:            0.0                                        (float)
expl_opt.opt:               adam                                       (str)
expl_opt.lr:                0.0003                                     (float)
expl_opt.eps:               1e-05                                      (float)
expl_opt.clip:              100                                        (int)
expl_opt.wd:                1e-06                                      (float)
expl_head.layers:           4                                          (int)
expl_head.units:            400                                        (int)
expl_head.act:              elu                                        (str)
expl_head.norm:             none                                       (str)
expl_head.dist:             mse                                        (str)
expl_reward_norm.momentum:  1.0                                        (float)
expl_reward_norm.scale:     1.0                                        (float)
expl_reward_norm.eps:       1e-08                                      (float)
disag_target:               stoch                                      (str)
disag_log:                  False                                      (bool)
disag_models:               10                                         (int)
disag_offset:               1                                          (int)
disag_action_cond:          True                                       (bool)
expl_model_loss:            kl                                         (str) 

Logdir /home/zmou1/logdir/atari_pong/dreamerv2/1
Traceback (most recent call last):
  File "dreamerv2/train.py", line 196, in <module>
    main()
  File "dreamerv2/train.py", line 49, in main
    assert tf.config.experimental.list_physical_devices('GPU'), message
AssertionError: No GPU found. To actually train on CPU remove this assert.
